<?xml version="1.0" encoding="UTF-8"?>
<!-- Generated by org.testng.reporters.JUnitReportReporter -->
<testsuite skipped="2" hostname="SCORPION" name="ZPracticeProject.ZPracticeProject.SampleNewTest" tests="3" failures="0" timestamp="03 Jun 2017 00:22:21 GMT" time="46.688" errors="0">
  <testcase name="CreateNewAccount" time="46.688" classname="ZPracticeProject.ZPracticeProject.SampleNewTest"/>
  <testcase name="CreateNewAccountWithRegisteredEmail" classname="ZPracticeProject.ZPracticeProject.SampleNewTest">
    <skipped/>
  </testcase> <!-- CreateNewAccountWithRegisteredEmail -->
  <testcase name="LoginValidationWithInvalidEmail" classname="ZPracticeProject.ZPracticeProject.SampleNewTest">
    <skipped/>
  </testcase> <!-- LoginValidationWithInvalidEmail -->
</testsuite> <!-- ZPracticeProject.ZPracticeProject.SampleNewTest -->
