<?xml version="1.0" encoding="UTF-8"?>
<!-- Generated by org.testng.reporters.JUnitReportReporter -->
<testsuite skipped="1" hostname="SCORPION" name="ZPracticeProject.ZPracticeProject.SampleNewTest" tests="3" failures="0" timestamp="02 Jun 2017 00:56:56 GMT" time="23.654" errors="0">
  <testcase name="CreateNewAccountWithRegisteredEmail" time="14.589" classname="ZPracticeProject.ZPracticeProject.SampleNewTest"/>
  <testcase name="CreateNewAccount" time="9.065" classname="ZPracticeProject.ZPracticeProject.SampleNewTest"/>
  <testcase name="LoginValidationWithInvalidEmail" classname="ZPracticeProject.ZPracticeProject.SampleNewTest">
    <skipped/>
  </testcase> <!-- LoginValidationWithInvalidEmail -->
</testsuite> <!-- ZPracticeProject.ZPracticeProject.SampleNewTest -->
